<?xml version="1.0" encoding="UTF-8"?>
<testsuite xmlns:xsi="http://www.w3.org/2001/XMLSchema-instance" xsi:noNamespaceSchemaLocation="https://maven.apache.org/surefire/maven-surefire-plugin/xsd/surefire-test-report.xsd" name="TestSuite" time="17.799" tests="3" errors="0" skipped="0" failures="3">
  <properties>
[...]
</properties>
  <testcase name="login" classname="com.pack.home.TestExecution.TestRun" time="6.873">
    <failure message="expected [&#10;http://52.172.33.72:8080/ServicePortal/success.jsp] but found [http://52.172.33.72:8080/ServicePortal/sucess.jsp]" type="java.lang.AssertionError">java.lang.AssertionError: 
expected [
http://52.172.33.72:8080/ServicePortal/success.jsp] but found [http://52.172.33.72:8080/ServicePortal/sucess.jsp]
	at com.pack.home.TestExecution.TestRun.login(TestRun.java:49)
</failure>
    <system-out><![CDATA[Selected browser is Chrome
document.getElementById('uname').value = 'anand'
document.getElementById('pass').value = '1234'
]]></system-out>
    <system-err><![CDATA[Starting ChromeDriver 2.33.506120 (e3e53437346286c0bc2d2dc9aa4915ba81d9023f) on port 42134
Only local connections are allowed.
Mar 01, 2018 6:01:19 PM org.openqa.selenium.remote.ProtocolHandshake createSession
INFO: Attempting bi-dialect session, assuming Postel's Law holds true on the remote end
log4j:WARN No appenders could be found for logger (org.apache.http.client.protocol.RequestAddCookies).
log4j:WARN Please initialize the log4j system properly.
log4j:WARN See http://logging.apache.org/log4j/1.2/faq.html#noconfig for more info.
Mar 01, 2018 6:01:21 PM org.openqa.selenium.remote.ProtocolHandshake createSession
INFO: Detected dialect: OSS
]]></system-err>
  </testcase>
  <testcase name="trylogin" classname="com.pack.home.TestExecution.TestRun" time="1.045">
    <failure message="Element not found" type="java.lang.AssertionError">java.lang.AssertionError: Element not found
	at com.pack.home.TestExecution.TestRun.trylogin(TestRun.java:37)
</failure>
  </testcase>
  <testcase name="logout" classname="com.pack.home.TestExecution.TestRun" time="1.058">
    <failure message="Element not found" type="java.lang.AssertionError">java.lang.AssertionError: Element not found
	at com.pack.home.TestExecution.TestRun.logout(TestRun.java:55)
</failure>
  </testcase>
</testsuite>