<?xml version="1.0" encoding="UTF-8"?>
<testng-results skipped="0" failed="0" total="2" passed="2">
  <reporter-output>
  </reporter-output>
  <suite name="Zeno demo test suite" duration-ms="15063" started-at="2018-03-02T07:00:33Z" finished-at="2018-03-02T07:00:48Z">
    <groups>
    </groups>
    <test name="Login tests" duration-ms="15063" started-at="2018-03-02T07:00:33Z" finished-at="2018-03-02T07:00:48Z">
      <class name="com.pack.home.TestExecution.TestRun">
        <test-method status="PASS" signature="executing()[pri:0, instance:com.pack.home.TestExecution.TestRun@2d3fcdbd]" name="executing" is-config="true" duration-ms="6057" started-at="2018-03-02T12:30:33Z" finished-at="2018-03-02T12:30:39Z">
          <reporter-output>
          </reporter-output>
        </test-method> <!-- executing -->
        <test-method status="PASS" signature="login()[pri:0, instance:com.pack.home.TestExecution.TestRun@2d3fcdbd]" name="login" duration-ms="6416" started-at="2018-03-02T12:30:39Z" description="Performs an successful login and checks the dashboard url (passes)" finished-at="2018-03-02T12:30:46Z">
          <reporter-output>
          </reporter-output>
        </test-method> <!-- login -->
        <test-method status="PASS" signature="logout()[pri:0, instance:com.pack.home.TestExecution.TestRun@2d3fcdbd]" name="logout" duration-ms="1358" started-at="2018-03-02T12:30:46Z" description="Logs out (passes)" finished-at="2018-03-02T12:30:47Z">
          <reporter-output>
          </reporter-output>
        </test-method> <!-- logout -->
        <test-method status="PASS" signature="afterMethod()[pri:0, instance:com.pack.home.TestExecution.TestRun@2d3fcdbd]" name="afterMethod" is-config="true" duration-ms="1217" started-at="2018-03-02T12:30:47Z" finished-at="2018-03-02T12:30:48Z">
          <reporter-output>
          </reporter-output>
        </test-method> <!-- afterMethod -->
      </class> <!-- com.pack.home.TestExecution.TestRun -->
    </test> <!-- Login tests -->
  </suite> <!-- Zeno demo test suite -->
</testng-results>
